<?xml version="1.0" encoding="UTF-8"?>
<testsuite name="com.doraemon.ui.ExampleUnitTest" tests="1" skipped="0" failures="0" errors="0" timestamp="2018-10-12T07:28:01" hostname="RICKENWANG-MC3" time="0.0">
  <properties/>
  <testcase name="addition_isCorrect" classname="com.doraemon.ui.ExampleUnitTest" time="0.0"/>
  <system-out><![CDATA[]]></system-out>
  <system-err><![CDATA[]]></system-err>
</testsuite>
